Hospitalization Required: Henry 447826279 1.000000.
Hospitalization Required: Frederick 640706585 0.363095.
14-days-Quarantine Required: Jack 271322375 0.212381.
14-days-Quarantine Required: Barbara 345655624 0.110000.
14-days-Quarantine Required: John 147914120 0.103030.
No serious chance for infection: Greg 457165691 0.087515.
No serious chance for infection: Crystal 888086905 0.078352.
No serious chance for infection: Robert 759963983 0.075410.
No serious chance for infection: Theresa 997234246 0.073484.
No serious chance for infection: Ryan 855804276 0.068196.
No serious chance for infection: Lydia 400363273 0.067731.
No serious chance for infection: Samuel 302148553 0.063248.
No serious chance for infection: Belen 314286886 0.060417.
No serious chance for infection: Donald 494291695 0.046934.
No serious chance for infection: Stella 343101020 0.040613.
No serious chance for infection: Lee 630112461 0.039513.
No serious chance for infection: Michael 706548323 0.036246.
No serious chance for infection: Bruce 476247543 0.027548.
No serious chance for infection: Melanie 281475567 0.022655.
No serious chance for infection: Rocky 347325729 0.021179.
No serious chance for infection: Richard 212934752 0.021123.
No serious chance for infection: Christina 245417813 0.017765.
No serious chance for infection: Ray 238076491 0.015994.
No serious chance for infection: Maria 631045429 0.015819.
No serious chance for infection: Rhonda 232670608 0.014005.
No serious chance for infection: William 473610418 0.012138.
No serious chance for infection: Roselle 204839832 0.012103.
No serious chance for infection: Matthew 871676984 0.010303.
No serious chance for infection: Brian 913068384 0.009167.
No serious chance for infection: Deanna 333194036 0.008761.
No serious chance for infection: Agnes 540128241 0.008401.
No serious chance for infection: John 619379661 0.008141.
No serious chance for infection: Raymond 893443991 0.007616.
No serious chance for infection: Sergio 262358864 0.007223.
No serious chance for infection: Nelson 154892356 0.006761.
No serious chance for infection: Mark 844409054 0.006637.
No serious chance for infection: Jefferey 750820015 0.006628.
No serious chance for infection: James 815703466 0.006188.
No serious chance for infection: Gidget 360708346 0.005801.
No serious chance for infection: Kate 376778278 0.005080.
No serious chance for infection: David 593226141 0.004870.
No serious chance for infection: Jessie 112566743 0.004439.
No serious chance for infection: Donald 521472980 0.004172.
No serious chance for infection: Leslie 388849569 0.003834.
No serious chance for infection: James 592492137 0.002959.
No serious chance for infection: Timothy 779662339 0.002271.
No serious chance for infection: Steve 952186010 0.001998.
No serious chance for infection: Paulette 484534802 0.001898.
No serious chance for infection: Arthur 153173024 0.001582.
No serious chance for infection: John 884379366 0.001428.
No serious chance for infection: Darryl 150657695 0.001422.
No serious chance for infection: Robert 144000724 0.001220.
No serious chance for infection: George 585342183 0.000918.
No serious chance for infection: Danielle 193553679 0.000684.
No serious chance for infection: Emilio 592097168 0.000643.
No serious chance for infection: Fern 926126230 0.000587.
No serious chance for infection: Dorothy 722308939 0.000310.
No serious chance for infection: Andrea 677057845 0.000305.
No serious chance for infection: Anna 194370971 0.000229.
No serious chance for infection: Patricia 243549336 0.000172.
